<?xml version="1.0" encoding="UTF-8"?>
<!-- Generated by org.testng.reporters.JUnitReportReporter -->
<testsuite hostname="DESKTOP-G3BNLD6" failures="0" tests="4" name="TestRunner" time="0.420" errors="0" timestamp="2024-07-02T14:27:25 IST" skipped="0">
  <testcase classname="TestRunner" name="runScenario" time="0.139"/>
  <system-out/>
  <testcase classname="TestRunner" name="runScenario" time="0.014"/>
  <system-out/>
  <testcase classname="TestRunner" name="runScenario" time="0.236"/>
  <system-out/>
  <testcase classname="TestRunner" name="runScenario" time="0.031"/>
  <system-out/>
</testsuite> <!-- TestRunner -->
