<?xml version="1.0" encoding="UTF-8"?>
<!-- Generated by org.testng.reporters.JUnitReportReporter -->
<testsuite hostname="DESKTOP-G3BNLD6" failures="0" tests="3" name="TestRunner" time="0.550" errors="0" timestamp="2024-07-02T13:25:44 IST" skipped="0">
  <testcase classname="TestRunner" name="runScenario" time="0.477"/>
  <system-out/>
  <testcase classname="TestRunner" name="runScenario" time="0.030"/>
  <system-out/>
  <testcase classname="TestRunner" name="runScenario" time="0.043"/>
  <system-out/>
</testsuite> <!-- TestRunner -->
