<?xml version="1.0" encoding="UTF-8"?>
<!-- Generated by org.testng.reporters.JUnitReportReporter -->
<testsuite hostname="DESKTOP-G3BNLD6" failures="0" tests="1" name="TestRunner" time="0.108" errors="0" timestamp="2024-07-01T18:19:27 IST" skipped="0">
  <testcase classname="TestRunner" name="runScenario" time="0.108"/>
  <system-out/>
</testsuite> <!-- TestRunner -->
