<?xml version="1.0" encoding="UTF-8"?>
<!-- Generated by org.testng.reporters.JUnitReportReporter -->
<testsuite hostname="DESKTOP-G3BNLD6" failures="0" tests="1" name="Stepdefinitions.Step1" time="0.009" errors="0" timestamp="2024-07-01T14:28:58 IST" skipped="0">
  <testcase classname="Stepdefinitions.Step1" name="m3" time="0.009"/>
  <system-out/>
</testsuite> <!-- Stepdefinitions.Step1 -->
