<?xml version="1.0" encoding="UTF-8"?>
<!-- Generated by org.testng.reporters.JUnitReportReporter -->
<testsuite hostname="DESKTOP-G3BNLD6" failures="0" tests="3" name="TestRunner" time="0.117" errors="0" timestamp="2024-07-02T12:16:58 IST" skipped="0">
  <testcase classname="TestRunner" name="runScenario" time="0.014"/>
  <testcase classname="TestRunner" name="runScenario" time="0.005"/>
  <testcase classname="TestRunner" name="runScenario" time="0.098"/>
</testsuite> <!-- TestRunner -->
